<?xml version="1.0" encoding="UTF-8"?>
<!-- Generated by org.testng.reporters.JUnitXMLReporter -->
<testsuite ignored="0" hostname="DESKTOP-246538C" failures="0" tests="1" name="Test2" time="1.374" errors="0" timestamp="2021-10-06T00:44:49 IST">
  <testcase classname="SeleniumFramework.Assertion" name="@BeforeTest openbrowser" time="1.332">
    <failure type="java.lang.NullPointerException" message="null value in entry: url=null">
      <![CDATA[java.lang.NullPointerException: null value in entry: url=null
at com.google.common.collect.CollectPreconditions.checkEntryNotNull(CollectPreconditions.java:32)
at com.google.common.collect.SingletonImmutableBiMap.<init>(SingletonImmutableBiMap.java:42)
at com.google.common.collect.ImmutableBiMap.of(ImmutableBiMap.java:72)
at com.google.common.collect.ImmutableMap.of(ImmutableMap.java:124)
at org.openqa.selenium.remote.RemoteWebDriver.get(RemoteWebDriver.java:277)
at SeleniumFramework.Assertion.openbrowser(Assertion.java:29)
at java.base/java.util.concurrent.FutureTask.run(FutureTask.java:264)
at java.base/java.util.concurrent.ThreadPoolExecutor.runWorker(ThreadPoolExecutor.java:1130)
at java.base/java.util.concurrent.ThreadPoolExecutor$Worker.run(ThreadPoolExecutor.java:630)
at java.base/java.lang.Thread.run(Thread.java:831)
... Removed 15 stack frames]]>
    </failure>
  </testcase> <!-- @BeforeTest openbrowser -->
  <testcase classname="SeleniumFramework.Assertion" name="@AfterTest browserclose" time="-1.633461289152E9">
    <skipped/>
  </testcase> <!-- @AfterTest browserclose -->
  <testcase classname="SeleniumFramework.Assertion" name="assertionTest" time="0.0">
    <skipped/>
  </testcase> <!-- assertionTest -->
</testsuite> <!-- Test2 -->
