<?xml version="1.0" encoding="UTF-8"?>
<!-- Generated by org.testng.reporters.JUnitXMLReporter -->
<testsuite ignored="0" hostname="DESKTOP-246538C" failures="0" tests="4" name="Test" time="19.183" errors="0" timestamp="2021-10-05T11:32:11 IST">
  <testcase classname="SeleniumFramework.homePageNavigation" name="initialNavigation" time="5.393"/>
  <testcase classname="SeleniumFramework.Assertion" name="assertionTest" time="0.058"/>
  <testcase classname="SeleniumFramework.textNGparameterizing" name="initialNavigation" time="5.394"/>
  <testcase classname="SeleniumFramework.textNGparameterizing" name="initialNavigation" time="1.37"/>
</testsuite> <!-- Test -->
