<?xml version="1.0" encoding="UTF-8"?>
<testng-results ignored="0" total="1" passed="1" failed="0" skipped="0">
  <reporter-output>
  </reporter-output>
  <suite started-at="2021-10-07T00:22:00 IST" name="Default suite" finished-at="2021-10-07T00:22:03 IST" duration-ms="2718">
    <groups>
    </groups>
    <test started-at="2021-10-07T00:22:00 IST" name="Default test" finished-at="2021-10-07T00:22:03 IST" duration-ms="2718">
      <class name="SeleniumFramework.Assertion">
        <test-method is-config="true" signature="openbrowser()[pri:0, instance:SeleniumFramework.Assertion@73173f63]" started-at="2021-10-07T00:22:00 IST" name="openbrowser" finished-at="2021-10-07T00:22:03 IST" duration-ms="2417" status="PASS">
          <reporter-output>
          </reporter-output>
        </test-method> <!-- openbrowser -->
        <test-method signature="assertionTest()[pri:0, instance:SeleniumFramework.Assertion@73173f63]" started-at="2021-10-07T00:22:03 IST" name="assertionTest" finished-at="2021-10-07T00:22:03 IST" duration-ms="95" status="PASS">
          <reporter-output>
          </reporter-output>
        </test-method> <!-- assertionTest -->
        <test-method is-config="true" signature="atest()[pri:0, instance:SeleniumFramework.Assertion@73173f63]" started-at="2021-10-07T00:22:03 IST" name="atest" finished-at="2021-10-07T00:22:03 IST" duration-ms="0" status="PASS">
          <reporter-output>
          </reporter-output>
        </test-method> <!-- atest -->
        <test-method is-config="true" signature="browserclose()[pri:0, instance:SeleniumFramework.Assertion@73173f63]" started-at="2021-10-07T00:22:03 IST" name="browserclose" finished-at="2021-10-07T00:22:03 IST" duration-ms="173" status="PASS">
          <reporter-output>
          </reporter-output>
        </test-method> <!-- browserclose -->
      </class> <!-- SeleniumFramework.Assertion -->
    </test> <!-- Default test -->
  </suite> <!-- Default suite -->
</testng-results>
